[2018-07-26 17:38:53] local.ERROR: file_put_contents(/customers/3/e/d/hestochpony.com/httpd.www/hestochpony/src/storage/framework/views/60ca1bfb75d176c724d25a7d1ba7eecc64c63901.php): failed to open stream: No such file or directory {"exception":"[object] (ErrorException(code: 0): file_put_contents(/customers/3/e/d/hestochpony.com/httpd.www/hestochpony/src/storage/framework/views/60ca1bfb75d176c724d25a7d1ba7eecc64c63901.php): failed to open stream: No such file or directory at /customers/3/e/d/hestochpony.com/httpd.www/hestochpony/src/vendor/laravel/framework/src/Illuminate/Filesystem/Filesystem.php:122)
[stacktrace]
#0 [internal function]: Illuminate\\Foundation\\Bootstrap\\HandleExceptions->handleError(2, 'file_put_conten...', '/customers/3/e/...', 122, Array)
#1 /customers/3/e/d/hestochpony.com/httpd.www/hestochpony/src/vendor/laravel/framework/src/Illuminate/Filesystem/Filesystem.php(122): file_put_contents('/customers/3/e/...', '<!doctype html>...', 0)
#2 /customers/3/e/d/hestochpony.com/httpd.www/hestochpony/src/vendor/laravel/framework/src/Illuminate/View/Compilers/BladeCompiler.php(122): Illuminate\\Filesystem\\Filesystem->put('/customers/3/e/...', '<!doctype html>...')
#3 /customers/3/e/d/hestochpony.com/httpd.www/hestochpony/src/vendor/laravel/framework/src/Illuminate/View/Engines/CompilerEngine.php(51): Illuminate\\View\\Compilers\\BladeCompiler->compile('/customers/3/e/...')
#4 /customers/3/e/d/hestochpony.com/httpd.www/hestochpony/src/vendor/laravel/framework/src/Illuminate/View/View.php(142): Illuminate\\View\\Engines\\CompilerEngine->get('/customers/3/e/...', Array)
#5 /customers/3/e/d/hestochpony.com/httpd.www/hestochpony/src/vendor/laravel/framework/src/Illuminate/View/View.php(125): Illuminate\\View\\View->getContents()
#6 /customers/3/e/d/hestochpony.com/httpd.www/hestochpony/src/vendor/laravel/framework/src/Illuminate/View/View.php(90): Illuminate\\View\\View->renderContents()
#7 /customers/3/e/d/hestochpony.com/httpd.www/hestochpony/src/vendor/laravel/framework/src/Illuminate/Http/Response.php(42): Illuminate\\View\\View->render()
#8 /customers/3/e/d/hestochpony.com/httpd.www/hestochpony/src/vendor/symfony/http-foundation/Response.php(202): Illuminate\\Http\\Response->setContent(Object(Illuminate\\View\\View))
#9 /customers/3/e/d/hestochpony.com/httpd.www/hestochpony/src/vendor/laravel/framework/src/Illuminate/Routing/Router.php(733): Symfony\\Component\\HttpFoundation\\Response->__construct(Object(Illuminate\\View\\View))
#10 /customers/3/e/d/hestochpony.com/httpd.www/hestochpony/src/vendor/laravel/framework/src/Illuminate/Routing/Router.php(705): Illuminate\\Routing\\Router::toResponse(Object(Illuminate\\Http\\Request), Object(Illuminate\\View\\View))
#11 /customers/3/e/d/hestochpony.com/httpd.www/hestochpony/src/vendor/laravel/framework/src/Illuminate/Routing/Router.php(665): Illuminate\\Routing\\Router->prepareResponse(Object(Illuminate\\Http\\Request), Object(Illuminate\\View\\View))
#12 /customers/3/e/d/hestochpony.com/httpd.www/hestochpony/src/vendor/laravel/framework/src/Illuminate/Routing/Pipeline.php(30): Illuminate\\Routing\\Router->Illuminate\\Routing\\{closure}(Object(Illuminate\\Http\\Request))
#13 /customers/3/e/d/hestochpony.com/httpd.www/hestochpony/src/vendor/laravel/framework/src/Illuminate/Routing/Middleware/SubstituteBindings.php(41): Illuminate\\Routing\\Pipeline->Illuminate\\Routing\\{closure}(Object(Illuminate\\Http\\Request))
#14 /customers/3/e/d/hestochpony.com/httpd.www/hestochpony/src/vendor/laravel/framework/src/Illuminate/Pipeline/Pipeline.php(151): Illuminate\\Routing\\Middleware\\SubstituteBindings->handle(Object(Illuminate\\Http\\Request), Object(Closure))
#15 /customers/3/e/d/hestochpony.com/httpd.www/hestochpony/src/vendor/laravel/framework/src/Illuminate/Routing/Pipeline.php(53): Illuminate\\Pipeline\\Pipeline->Illuminate\\Pipeline\\{closure}(Object(Illuminate\\Http\\Request))
#16 /customers/3/e/d/hestochpony.com/httpd.www/hestochpony/src/vendor/laravel/framework/src/Illuminate/Foundation/Http/Middleware/VerifyCsrfToken.php(67): Illuminate\\Routing\\Pipeline->Illuminate\\Routing\\{closure}(Object(Illuminate\\Http\\Request))
#17 /customers/3/e/d/hestochpony.com/httpd.www/hestochpony/src/vendor/laravel/framework/src/Illuminate/Pipeline/Pipeline.php(151): Illuminate\\Foundation\\Http\\Middleware\\VerifyCsrfToken->handle(Object(Illuminate\\Http\\Request), Object(Closure))
#18 /customers/3/e/d/hestochpony.com/httpd.www/hestochpony/src/vendor/laravel/framework/src/Illuminate/Routing/Pipeline.php(53): Illuminate\\Pipeline\\Pipeline->Illuminate\\Pipeline\\{closure}(Object(Illuminate\\Http\\Request))
#19 /customers/3/e/d/hestochpony.com/httpd.www/hestochpony/src/vendor/laravel/framework/src/Illuminate/View/Middleware/ShareErrorsFromSession.php(49): Illuminate\\Routing\\Pipeline->Illuminate\\Routing\\{closure}(Object(Illuminate\\Http\\Request))
#20 /customers/3/e/d/hestochpony.com/httpd.www/hestochpony/src/vendor/laravel/framework/src/Illuminate/Pipeline/Pipeline.php(151): Illuminate\\View\\Middleware\\ShareErrorsFromSession->handle(Object(Illuminate\\Http\\Request), Object(Closure))
#21 /customers/3/e/d/hestochpony.com/httpd.www/hestochpony/src/vendor/laravel/framework/src/Illuminate/Routing/Pipeline.php(53): Illuminate\\Pipeline\\Pipeline->Illuminate\\Pipeline\\{closure}(Object(Illuminate\\Http\\Request))
#22 /customers/3/e/d/hestochpony.com/httpd.www/hestochpony/src/vendor/laravel/framework/src/Illuminate/Session/Middleware/StartSession.php(63): Illuminate\\Routing\\Pipeline->Illuminate\\Routing\\{closure}(Object(Illuminate\\Http\\Request))
#23 /customers/3/e/d/hestochpony.com/httpd.www/hestochpony/src/vendor/laravel/framework/src/Illuminate/Pipeline/Pipeline.php(151): Illuminate\\Session\\Middleware\\StartSession->handle(Object(Illuminate\\Http\\Request), Object(Closure))
#24 /customers/3/e/d/hestochpony.com/httpd.www/hestochpony/src/vendor/laravel/framework/src/Illuminate/Routing/Pipeline.php(53): Illuminate\\Pipeline\\Pipeline->Illuminate\\Pipeline\\{closure}(Object(Illuminate\\Http\\Request))
#25 /customers/3/e/d/hestochpony.com/httpd.www/hestochpony/src/vendor/laravel/framework/src/Illuminate/Cookie/Middleware/AddQueuedCookiesToResponse.php(37): Illuminate\\Routing\\Pipeline->Illuminate\\Routing\\{closure}(Object(Illuminate\\Http\\Request))
#26 /customers/3/e/d/hestochpony.com/httpd.www/hestochpony/src/vendor/laravel/framework/src/Illuminate/Pipeline/Pipeline.php(151): Illuminate\\Cookie\\Middleware\\AddQueuedCookiesToResponse->handle(Object(Illuminate\\Http\\Request), Object(Closure))
#27 /customers/3/e/d/hestochpony.com/httpd.www/hestochpony/src/vendor/laravel/framework/src/Illuminate/Routing/Pipeline.php(53): Illuminate\\Pipeline\\Pipeline->Illuminate\\Pipeline\\{closure}(Object(Illuminate\\Http\\Request))
#28 /customers/3/e/d/hestochpony.com/httpd.www/hestochpony/src/vendor/laravel/framework/src/Illuminate/Cookie/Middleware/EncryptCookies.php(59): Illuminate\\Routing\\Pipeline->Illuminate\\Routing\\{closure}(Object(Illuminate\\Http\\Request))
#29 /customers/3/e/d/hestochpony.com/httpd.www/hestochpony/src/vendor/laravel/framework/src/Illuminate/Pipeline/Pipeline.php(151): Illuminate\\Cookie\\Middleware\\EncryptCookies->handle(Object(Illuminate\\Http\\Request), Object(Closure))
#30 /customers/3/e/d/hestochpony.com/httpd.www/hestochpony/src/vendor/laravel/framework/src/Illuminate/Routing/Pipeline.php(53): Illuminate\\Pipeline\\Pipeline->Illuminate\\Pipeline\\{closure}(Object(Illuminate\\Http\\Request))
#31 /customers/3/e/d/hestochpony.com/httpd.www/hestochpony/src/vendor/laravel/framework/src/Illuminate/Pipeline/Pipeline.php(104): Illuminate\\Routing\\Pipeline->Illuminate\\Routing\\{closure}(Object(Illuminate\\Http\\Request))
#32 /customers/3/e/d/hestochpony.com/httpd.www/hestochpony/src/vendor/laravel/framework/src/Illuminate/Routing/Router.php(667): Illuminate\\Pipeline\\Pipeline->then(Object(Closure))
#33 /customers/3/e/d/hestochpony.com/httpd.www/hestochpony/src/vendor/laravel/framework/src/Illuminate/Routing/Router.php(642): Illuminate\\Routing\\Router->runRouteWithinStack(Object(Illuminate\\Routing\\Route), Object(Illuminate\\Http\\Request))
#34 /customers/3/e/d/hestochpony.com/httpd.www/hestochpony/src/vendor/laravel/framework/src/Illuminate/Routing/Router.php(608): Illuminate\\Routing\\Router->runRoute(Object(Illuminate\\Http\\Request), Object(Illuminate\\Routing\\Route))
#35 /customers/3/e/d/hestochpony.com/httpd.www/hestochpony/src/vendor/laravel/framework/src/Illuminate/Routing/Router.php(597): Illuminate\\Routing\\Router->dispatchToRoute(Object(Illuminate\\Http\\Request))
#36 /customers/3/e/d/hestochpony.com/httpd.www/hestochpony/src/vendor/laravel/framework/src/Illuminate/Foundation/Http/Kernel.php(176): Illuminate\\Routing\\Router->dispatch(Object(Illuminate\\Http\\Request))
#37 /customers/3/e/d/hestochpony.com/httpd.www/hestochpony/src/vendor/laravel/framework/src/Illuminate/Routing/Pipeline.php(30): Illuminate\\Foundation\\Http\\Kernel->Illuminate\\Foundation\\Http\\{closure}(Object(Illuminate\\Http\\Request))
#38 /customers/3/e/d/hestochpony.com/httpd.www/hestochpony/src/vendor/fideloper/proxy/src/TrustProxies.php(57): Illuminate\\Routing\\Pipeline->Illuminate\\Routing\\{closure}(Object(Illuminate\\Http\\Request))
#39 /customers/3/e/d/hestochpony.com/httpd.www/hestochpony/src/vendor/laravel/framework/src/Illuminate/Pipeline/Pipeline.php(151): Fideloper\\Proxy\\TrustProxies->handle(Object(Illuminate\\Http\\Request), Object(Closure))
#40 /customers/3/e/d/hestochpony.com/httpd.www/hestochpony/src/vendor/laravel/framework/src/Illuminate/Routing/Pipeline.php(53): Illuminate\\Pipeline\\Pipeline->Illuminate\\Pipeline\\{closure}(Object(Illuminate\\Http\\Request))
#41 /customers/3/e/d/hestochpony.com/httpd.www/hestochpony/src/vendor/laravel/framework/src/Illuminate/Foundation/Http/Middleware/TransformsRequest.php(31): Illuminate\\Routing\\Pipeline->Illuminate\\Routing\\{closure}(Object(Illuminate\\Http\\Request))
#42 /customers/3/e/d/hestochpony.com/httpd.www/hestochpony/src/vendor/laravel/framework/src/Illuminate/Pipeline/Pipeline.php(151): Illuminate\\Foundation\\Http\\Middleware\\TransformsRequest->handle(Object(Illuminate\\Http\\Request), Object(Closure))
#43 /customers/3/e/d/hestochpony.com/httpd.www/hestochpony/src/vendor/laravel/framework/src/Illuminate/Routing/Pipeline.php(53): Illuminate\\Pipeline\\Pipeline->Illuminate\\Pipeline\\{closure}(Object(Illuminate\\Http\\Request))
#44 /customers/3/e/d/hestochpony.com/httpd.www/hestochpony/src/vendor/laravel/framework/src/Illuminate/Foundation/Http/Middleware/TransformsRequest.php(31): Illuminate\\Routing\\Pipeline->Illuminate\\Routing\\{closure}(Object(Illuminate\\Http\\Request))
#45 /customers/3/e/d/hestochpony.com/httpd.www/hestochpony/src/vendor/laravel/framework/src/Illuminate/Pipeline/Pipeline.php(151): Illuminate\\Foundation\\Http\\Middleware\\TransformsRequest->handle(Object(Illuminate\\Http\\Request), Object(Closure))
#46 /customers/3/e/d/hestochpony.com/httpd.www/hestochpony/src/vendor/laravel/framework/src/Illuminate/Routing/Pipeline.php(53): Illuminate\\Pipeline\\Pipeline->Illuminate\\Pipeline\\{closure}(Object(Illuminate\\Http\\Request))
#47 /customers/3/e/d/hestochpony.com/httpd.www/hestochpony/src/vendor/laravel/framework/src/Illuminate/Foundation/Http/Middleware/ValidatePostSize.php(27): Illuminate\\Routing\\Pipeline->Illuminate\\Routing\\{closure}(Object(Illuminate\\Http\\Request))
#48 /customers/3/e/d/hestochpony.com/httpd.www/hestochpony/src/vendor/laravel/framework/src/Illuminate/Pipeline/Pipeline.php(151): Illuminate\\Foundation\\Http\\Middleware\\ValidatePostSize->handle(Object(Illuminate\\Http\\Request), Object(Closure))
#49 /customers/3/e/d/hestochpony.com/httpd.www/hestochpony/src/vendor/laravel/framework/src/Illuminate/Routing/Pipeline.php(53): Illuminate\\Pipeline\\Pipeline->Illuminate\\Pipeline\\{closure}(Object(Illuminate\\Http\\Request))
#50 /customers/3/e/d/hestochpony.com/httpd.www/hestochpony/src/vendor/laravel/framework/src/Illuminate/Foundation/Http/Middleware/CheckForMaintenanceMode.php(62): Illuminate\\Routing\\Pipeline->Illuminate\\Routing\\{closure}(Object(Illuminate\\Http\\Request))
#51 /customers/3/e/d/hestochpony.com/httpd.www/hestochpony/src/vendor/laravel/framework/src/Illuminate/Pipeline/Pipeline.php(151): Illuminate\\Foundation\\Http\\Middleware\\CheckForMaintenanceMode->handle(Object(Illuminate\\Http\\Request), Object(Closure))
#52 /customers/3/e/d/hestochpony.com/httpd.www/hestochpony/src/vendor/laravel/framework/src/Illuminate/Routing/Pipeline.php(53): Illuminate\\Pipeline\\Pipeline->Illuminate\\Pipeline\\{closure}(Object(Illuminate\\Http\\Request))
#53 /customers/3/e/d/hestochpony.com/httpd.www/hestochpony/src/vendor/laravel/framework/src/Illuminate/Pipeline/Pipeline.php(104): Illuminate\\Routing\\Pipeline->Illuminate\\Routing\\{closure}(Object(Illuminate\\Http\\Request))
#54 /customers/3/e/d/hestochpony.com/httpd.www/hestochpony/src/vendor/laravel/framework/src/Illuminate/Foundation/Http/Kernel.php(151): Illuminate\\Pipeline\\Pipeline->then(Object(Closure))
#55 /customers/3/e/d/hestochpony.com/httpd.www/hestochpony/src/vendor/laravel/framework/src/Illuminate/Foundation/Http/Kernel.php(116): Illuminate\\Foundation\\Http\\Kernel->sendRequestThroughRouter(Object(Illuminate\\Http\\Request))
#56 /customers/3/e/d/hestochpony.com/httpd.www/hestochpony/src/public/index.php(55): Illuminate\\Foundation\\Http\\Kernel->handle(Object(Illuminate\\Http\\Request))
#57 {main}
"} 
[2018-07-26 17:38:53] local.ERROR: file_put_contents(/customers/3/e/d/hestochpony.com/httpd.www/hestochpony/src/storage/framework/sessions/hEJZrbGyHZ4xe2Tq3a2cOtqmeAoPHIhpAxTJRH4m): failed to open stream: No such file or directory {"exception":"[object] (ErrorException(code: 0): file_put_contents(/customers/3/e/d/hestochpony.com/httpd.www/hestochpony/src/storage/framework/sessions/hEJZrbGyHZ4xe2Tq3a2cOtqmeAoPHIhpAxTJRH4m): failed to open stream: No such file or directory at /customers/3/e/d/hestochpony.com/httpd.www/hestochpony/src/vendor/laravel/framework/src/Illuminate/Filesystem/Filesystem.php:122)
[stacktrace]
#0 [internal function]: Illuminate\\Foundation\\Bootstrap\\HandleExceptions->handleError(2, 'file_put_conten...', '/customers/3/e/...', 122, Array)
#1 /customers/3/e/d/hestochpony.com/httpd.www/hestochpony/src/vendor/laravel/framework/src/Illuminate/Filesystem/Filesystem.php(122): file_put_contents('/customers/3/e/...', 'a:3:{s:6:\"_toke...', 2)
#2 /customers/3/e/d/hestochpony.com/httpd.www/hestochpony/src/vendor/laravel/framework/src/Illuminate/Session/FileSessionHandler.php(83): Illuminate\\Filesystem\\Filesystem->put('/customers/3/e/...', 'a:3:{s:6:\"_toke...', true)
#3 /customers/3/e/d/hestochpony.com/httpd.www/hestochpony/src/vendor/laravel/framework/src/Illuminate/Session/Store.php(129): Illuminate\\Session\\FileSessionHandler->write('hEJZrbGyHZ4xe2T...', 'a:3:{s:6:\"_toke...')
#4 /customers/3/e/d/hestochpony.com/httpd.www/hestochpony/src/vendor/laravel/framework/src/Illuminate/Session/Middleware/StartSession.php(87): Illuminate\\Session\\Store->save()
#5 /customers/3/e/d/hestochpony.com/httpd.www/hestochpony/src/vendor/laravel/framework/src/Illuminate/Foundation/Http/Kernel.php(218): Illuminate\\Session\\Middleware\\StartSession->terminate(Object(Illuminate\\Http\\Request), Object(Illuminate\\Http\\Response))
#6 /customers/3/e/d/hestochpony.com/httpd.www/hestochpony/src/vendor/laravel/framework/src/Illuminate/Foundation/Http/Kernel.php(189): Illuminate\\Foundation\\Http\\Kernel->terminateMiddleware(Object(Illuminate\\Http\\Request), Object(Illuminate\\Http\\Response))
#7 /customers/3/e/d/hestochpony.com/httpd.www/hestochpony/src/public/index.php(60): Illuminate\\Foundation\\Http\\Kernel->terminate(Object(Illuminate\\Http\\Request), Object(Illuminate\\Http\\Response))
#8 {main}
"} 
[2018-07-26 17:38:56] local.ERROR: file_put_contents(/customers/3/e/d/hestochpony.com/httpd.www/hestochpony/src/storage/framework/views/60ca1bfb75d176c724d25a7d1ba7eecc64c63901.php): failed to open stream: No such file or directory {"exception":"[object] (ErrorException(code: 0): file_put_contents(/customers/3/e/d/hestochpony.com/httpd.www/hestochpony/src/storage/framework/views/60ca1bfb75d176c724d25a7d1ba7eecc64c63901.php): failed to open stream: No such file or directory at /customers/3/e/d/hestochpony.com/httpd.www/hestochpony/src/vendor/laravel/framework/src/Illuminate/Filesystem/Filesystem.php:122)
[stacktrace]
#0 [internal function]: Illuminate\\Foundation\\Bootstrap\\HandleExceptions->handleError(2, 'file_put_conten...', '/customers/3/e/...', 122, Array)
#1 /customers/3/e/d/hestochpony.com/httpd.www/hestochpony/src/vendor/laravel/framework/src/Illuminate/Filesystem/Filesystem.php(122): file_put_contents('/customers/3/e/...', '<!doctype html>...', 0)
#2 /customers/3/e/d/hestochpony.com/httpd.www/hestochpony/src/vendor/laravel/framework/src/Illuminate/View/Compilers/BladeCompiler.php(122): Illuminate\\Filesystem\\Filesystem->put('/customers/3/e/...', '<!doctype html>...')
#3 /customers/3/e/d/hestochpony.com/httpd.www/hestochpony/src/vendor/laravel/framework/src/Illuminate/View/Engines/CompilerEngine.php(51): Illuminate\\View\\Compilers\\BladeCompiler->compile('/customers/3/e/...')
#4 /customers/3/e/d/hestochpony.com/httpd.www/hestochpony/src/vendor/laravel/framework/src/Illuminate/View/View.php(142): Illuminate\\View\\Engines\\CompilerEngine->get('/customers/3/e/...', Array)
#5 /customers/3/e/d/hestochpony.com/httpd.www/hestochpony/src/vendor/laravel/framework/src/Illuminate/View/View.php(125): Illuminate\\View\\View->getContents()
#6 /customers/3/e/d/hestochpony.com/httpd.www/hestochpony/src/vendor/laravel/framework/src/Illuminate/View/View.php(90): Illuminate\\View\\View->renderContents()
#7 /customers/3/e/d/hestochpony.com/httpd.www/hestochpony/src/vendor/laravel/framework/src/Illuminate/Http/Response.php(42): Illuminate\\View\\View->render()
#8 /customers/3/e/d/hestochpony.com/httpd.www/hestochpony/src/vendor/symfony/http-foundation/Response.php(202): Illuminate\\Http\\Response->setContent(Object(Illuminate\\View\\View))
#9 /customers/3/e/d/hestochpony.com/httpd.www/hestochpony/src/vendor/laravel/framework/src/Illuminate/Routing/Router.php(733): Symfony\\Component\\HttpFoundation\\Response->__construct(Object(Illuminate\\View\\View))
#10 /customers/3/e/d/hestochpony.com/httpd.www/hestochpony/src/vendor/laravel/framework/src/Illuminate/Routing/Router.php(705): Illuminate\\Routing\\Router::toResponse(Object(Illuminate\\Http\\Request), Object(Illuminate\\View\\View))
#11 /customers/3/e/d/hestochpony.com/httpd.www/hestochpony/src/vendor/laravel/framework/src/Illuminate/Routing/Router.php(665): Illuminate\\Routing\\Router->prepareResponse(Object(Illuminate\\Http\\Request), Object(Illuminate\\View\\View))
#12 /customers/3/e/d/hestochpony.com/httpd.www/hestochpony/src/vendor/laravel/framework/src/Illuminate/Routing/Pipeline.php(30): Illuminate\\Routing\\Router->Illuminate\\Routing\\{closure}(Object(Illuminate\\Http\\Request))
#13 /customers/3/e/d/hestochpony.com/httpd.www/hestochpony/src/vendor/laravel/framework/src/Illuminate/Routing/Middleware/SubstituteBindings.php(41): Illuminate\\Routing\\Pipeline->Illuminate\\Routing\\{closure}(Object(Illuminate\\Http\\Request))
#14 /customers/3/e/d/hestochpony.com/httpd.www/hestochpony/src/vendor/laravel/framework/src/Illuminate/Pipeline/Pipeline.php(151): Illuminate\\Routing\\Middleware\\SubstituteBindings->handle(Object(Illuminate\\Http\\Request), Object(Closure))
#15 /customers/3/e/d/hestochpony.com/httpd.www/hestochpony/src/vendor/laravel/framework/src/Illuminate/Routing/Pipeline.php(53): Illuminate\\Pipeline\\Pipeline->Illuminate\\Pipeline\\{closure}(Object(Illuminate\\Http\\Request))
#16 /customers/3/e/d/hestochpony.com/httpd.www/hestochpony/src/vendor/laravel/framework/src/Illuminate/Foundation/Http/Middleware/VerifyCsrfToken.php(67): Illuminate\\Routing\\Pipeline->Illuminate\\Routing\\{closure}(Object(Illuminate\\Http\\Request))
#17 /customers/3/e/d/hestochpony.com/httpd.www/hestochpony/src/vendor/laravel/framework/src/Illuminate/Pipeline/Pipeline.php(151): Illuminate\\Foundation\\Http\\Middleware\\VerifyCsrfToken->handle(Object(Illuminate\\Http\\Request), Object(Closure))
#18 /customers/3/e/d/hestochpony.com/httpd.www/hestochpony/src/vendor/laravel/framework/src/Illuminate/Routing/Pipeline.php(53): Illuminate\\Pipeline\\Pipeline->Illuminate\\Pipeline\\{closure}(Object(Illuminate\\Http\\Request))
#19 /customers/3/e/d/hestochpony.com/httpd.www/hestochpony/src/vendor/laravel/framework/src/Illuminate/View/Middleware/ShareErrorsFromSession.php(49): Illuminate\\Routing\\Pipeline->Illuminate\\Routing\\{closure}(Object(Illuminate\\Http\\Request))
#20 /customers/3/e/d/hestochpony.com/httpd.www/hestochpony/src/vendor/laravel/framework/src/Illuminate/Pipeline/Pipeline.php(151): Illuminate\\View\\Middleware\\ShareErrorsFromSession->handle(Object(Illuminate\\Http\\Request), Object(Closure))
#21 /customers/3/e/d/hestochpony.com/httpd.www/hestochpony/src/vendor/laravel/framework/src/Illuminate/Routing/Pipeline.php(53): Illuminate\\Pipeline\\Pipeline->Illuminate\\Pipeline\\{closure}(Object(Illuminate\\Http\\Request))
#22 /customers/3/e/d/hestochpony.com/httpd.www/hestochpony/src/vendor/laravel/framework/src/Illuminate/Session/Middleware/StartSession.php(63): Illuminate\\Routing\\Pipeline->Illuminate\\Routing\\{closure}(Object(Illuminate\\Http\\Request))
#23 /customers/3/e/d/hestochpony.com/httpd.www/hestochpony/src/vendor/laravel/framework/src/Illuminate/Pipeline/Pipeline.php(151): Illuminate\\Session\\Middleware\\StartSession->handle(Object(Illuminate\\Http\\Request), Object(Closure))
#24 /customers/3/e/d/hestochpony.com/httpd.www/hestochpony/src/vendor/laravel/framework/src/Illuminate/Routing/Pipeline.php(53): Illuminate\\Pipeline\\Pipeline->Illuminate\\Pipeline\\{closure}(Object(Illuminate\\Http\\Request))
#25 /customers/3/e/d/hestochpony.com/httpd.www/hestochpony/src/vendor/laravel/framework/src/Illuminate/Cookie/Middleware/AddQueuedCookiesToResponse.php(37): Illuminate\\Routing\\Pipeline->Illuminate\\Routing\\{closure}(Object(Illuminate\\Http\\Request))
#26 /customers/3/e/d/hestochpony.com/httpd.www/hestochpony/src/vendor/laravel/framework/src/Illuminate/Pipeline/Pipeline.php(151): Illuminate\\Cookie\\Middleware\\AddQueuedCookiesToResponse->handle(Object(Illuminate\\Http\\Request), Object(Closure))
#27 /customers/3/e/d/hestochpony.com/httpd.www/hestochpony/src/vendor/laravel/framework/src/Illuminate/Routing/Pipeline.php(53): Illuminate\\Pipeline\\Pipeline->Illuminate\\Pipeline\\{closure}(Object(Illuminate\\Http\\Request))
#28 /customers/3/e/d/hestochpony.com/httpd.www/hestochpony/src/vendor/laravel/framework/src/Illuminate/Cookie/Middleware/EncryptCookies.php(59): Illuminate\\Routing\\Pipeline->Illuminate\\Routing\\{closure}(Object(Illuminate\\Http\\Request))
#29 /customers/3/e/d/hestochpony.com/httpd.www/hestochpony/src/vendor/laravel/framework/src/Illuminate/Pipeline/Pipeline.php(151): Illuminate\\Cookie\\Middleware\\EncryptCookies->handle(Object(Illuminate\\Http\\Request), Object(Closure))
#30 /customers/3/e/d/hestochpony.com/httpd.www/hestochpony/src/vendor/laravel/framework/src/Illuminate/Routing/Pipeline.php(53): Illuminate\\Pipeline\\Pipeline->Illuminate\\Pipeline\\{closure}(Object(Illuminate\\Http\\Request))
#31 /customers/3/e/d/hestochpony.com/httpd.www/hestochpony/src/vendor/laravel/framework/src/Illuminate/Pipeline/Pipeline.php(104): Illuminate\\Routing\\Pipeline->Illuminate\\Routing\\{closure}(Object(Illuminate\\Http\\Request))
#32 /customers/3/e/d/hestochpony.com/httpd.www/hestochpony/src/vendor/laravel/framework/src/Illuminate/Routing/Router.php(667): Illuminate\\Pipeline\\Pipeline->then(Object(Closure))
#33 /customers/3/e/d/hestochpony.com/httpd.www/hestochpony/src/vendor/laravel/framework/src/Illuminate/Routing/Router.php(642): Illuminate\\Routing\\Router->runRouteWithinStack(Object(Illuminate\\Routing\\Route), Object(Illuminate\\Http\\Request))
#34 /customers/3/e/d/hestochpony.com/httpd.www/hestochpony/src/vendor/laravel/framework/src/Illuminate/Routing/Router.php(608): Illuminate\\Routing\\Router->runRoute(Object(Illuminate\\Http\\Request), Object(Illuminate\\Routing\\Route))
#35 /customers/3/e/d/hestochpony.com/httpd.www/hestochpony/src/vendor/laravel/framework/src/Illuminate/Routing/Router.php(597): Illuminate\\Routing\\Router->dispatchToRoute(Object(Illuminate\\Http\\Request))
#36 /customers/3/e/d/hestochpony.com/httpd.www/hestochpony/src/vendor/laravel/framework/src/Illuminate/Foundation/Http/Kernel.php(176): Illuminate\\Routing\\Router->dispatch(Object(Illuminate\\Http\\Request))
#37 /customers/3/e/d/hestochpony.com/httpd.www/hestochpony/src/vendor/laravel/framework/src/Illuminate/Routing/Pipeline.php(30): Illuminate\\Foundation\\Http\\Kernel->Illuminate\\Foundation\\Http\\{closure}(Object(Illuminate\\Http\\Request))
#38 /customers/3/e/d/hestochpony.com/httpd.www/hestochpony/src/vendor/fideloper/proxy/src/TrustProxies.php(57): Illuminate\\Routing\\Pipeline->Illuminate\\Routing\\{closure}(Object(Illuminate\\Http\\Request))
#39 /customers/3/e/d/hestochpony.com/httpd.www/hestochpony/src/vendor/laravel/framework/src/Illuminate/Pipeline/Pipeline.php(151): Fideloper\\Proxy\\TrustProxies->handle(Object(Illuminate\\Http\\Request), Object(Closure))
#40 /customers/3/e/d/hestochpony.com/httpd.www/hestochpony/src/vendor/laravel/framework/src/Illuminate/Routing/Pipeline.php(53): Illuminate\\Pipeline\\Pipeline->Illuminate\\Pipeline\\{closure}(Object(Illuminate\\Http\\Request))
#41 /customers/3/e/d/hestochpony.com/httpd.www/hestochpony/src/vendor/laravel/framework/src/Illuminate/Foundation/Http/Middleware/TransformsRequest.php(31): Illuminate\\Routing\\Pipeline->Illuminate\\Routing\\{closure}(Object(Illuminate\\Http\\Request))
#42 /customers/3/e/d/hestochpony.com/httpd.www/hestochpony/src/vendor/laravel/framework/src/Illuminate/Pipeline/Pipeline.php(151): Illuminate\\Foundation\\Http\\Middleware\\TransformsRequest->handle(Object(Illuminate\\Http\\Request), Object(Closure))
#43 /customers/3/e/d/hestochpony.com/httpd.www/hestochpony/src/vendor/laravel/framework/src/Illuminate/Routing/Pipeline.php(53): Illuminate\\Pipeline\\Pipeline->Illuminate\\Pipeline\\{closure}(Object(Illuminate\\Http\\Request))
#44 /customers/3/e/d/hestochpony.com/httpd.www/hestochpony/src/vendor/laravel/framework/src/Illuminate/Foundation/Http/Middleware/TransformsRequest.php(31): Illuminate\\Routing\\Pipeline->Illuminate\\Routing\\{closure}(Object(Illuminate\\Http\\Request))
#45 /customers/3/e/d/hestochpony.com/httpd.www/hestochpony/src/vendor/laravel/framework/src/Illuminate/Pipeline/Pipeline.php(151): Illuminate\\Foundation\\Http\\Middleware\\TransformsRequest->handle(Object(Illuminate\\Http\\Request), Object(Closure))
#46 /customers/3/e/d/hestochpony.com/httpd.www/hestochpony/src/vendor/laravel/framework/src/Illuminate/Routing/Pipeline.php(53): Illuminate\\Pipeline\\Pipeline->Illuminate\\Pipeline\\{closure}(Object(Illuminate\\Http\\Request))
#47 /customers/3/e/d/hestochpony.com/httpd.www/hestochpony/src/vendor/laravel/framework/src/Illuminate/Foundation/Http/Middleware/ValidatePostSize.php(27): Illuminate\\Routing\\Pipeline->Illuminate\\Routing\\{closure}(Object(Illuminate\\Http\\Request))
#48 /customers/3/e/d/hestochpony.com/httpd.www/hestochpony/src/vendor/laravel/framework/src/Illuminate/Pipeline/Pipeline.php(151): Illuminate\\Foundation\\Http\\Middleware\\ValidatePostSize->handle(Object(Illuminate\\Http\\Request), Object(Closure))
#49 /customers/3/e/d/hestochpony.com/httpd.www/hestochpony/src/vendor/laravel/framework/src/Illuminate/Routing/Pipeline.php(53): Illuminate\\Pipeline\\Pipeline->Illuminate\\Pipeline\\{closure}(Object(Illuminate\\Http\\Request))
#50 /customers/3/e/d/hestochpony.com/httpd.www/hestochpony/src/vendor/laravel/framework/src/Illuminate/Foundation/Http/Middleware/CheckForMaintenanceMode.php(62): Illuminate\\Routing\\Pipeline->Illuminate\\Routing\\{closure}(Object(Illuminate\\Http\\Request))
#51 /customers/3/e/d/hestochpony.com/httpd.www/hestochpony/src/vendor/laravel/framework/src/Illuminate/Pipeline/Pipeline.php(151): Illuminate\\Foundation\\Http\\Middleware\\CheckForMaintenanceMode->handle(Object(Illuminate\\Http\\Request), Object(Closure))
#52 /customers/3/e/d/hestochpony.com/httpd.www/hestochpony/src/vendor/laravel/framework/src/Illuminate/Routing/Pipeline.php(53): Illuminate\\Pipeline\\Pipeline->Illuminate\\Pipeline\\{closure}(Object(Illuminate\\Http\\Request))
#53 /customers/3/e/d/hestochpony.com/httpd.www/hestochpony/src/vendor/laravel/framework/src/Illuminate/Pipeline/Pipeline.php(104): Illuminate\\Routing\\Pipeline->Illuminate\\Routing\\{closure}(Object(Illuminate\\Http\\Request))
#54 /customers/3/e/d/hestochpony.com/httpd.www/hestochpony/src/vendor/laravel/framework/src/Illuminate/Foundation/Http/Kernel.php(151): Illuminate\\Pipeline\\Pipeline->then(Object(Closure))
#55 /customers/3/e/d/hestochpony.com/httpd.www/hestochpony/src/vendor/laravel/framework/src/Illuminate/Foundation/Http/Kernel.php(116): Illuminate\\Foundation\\Http\\Kernel->sendRequestThroughRouter(Object(Illuminate\\Http\\Request))
#56 /customers/3/e/d/hestochpony.com/httpd.www/hestochpony/src/public/index.php(55): Illuminate\\Foundation\\Http\\Kernel->handle(Object(Illuminate\\Http\\Request))
#57 {main}
"} 
[2018-07-26 17:38:57] local.ERROR: file_put_contents(/customers/3/e/d/hestochpony.com/httpd.www/hestochpony/src/storage/framework/sessions/hEJZrbGyHZ4xe2Tq3a2cOtqmeAoPHIhpAxTJRH4m): failed to open stream: No such file or directory {"exception":"[object] (ErrorException(code: 0): file_put_contents(/customers/3/e/d/hestochpony.com/httpd.www/hestochpony/src/storage/framework/sessions/hEJZrbGyHZ4xe2Tq3a2cOtqmeAoPHIhpAxTJRH4m): failed to open stream: No such file or directory at /customers/3/e/d/hestochpony.com/httpd.www/hestochpony/src/vendor/laravel/framework/src/Illuminate/Filesystem/Filesystem.php:122)
[stacktrace]
#0 [internal function]: Illuminate\\Foundation\\Bootstrap\\HandleExceptions->handleError(2, 'file_put_conten...', '/customers/3/e/...', 122, Array)
#1 /customers/3/e/d/hestochpony.com/httpd.www/hestochpony/src/vendor/laravel/framework/src/Illuminate/Filesystem/Filesystem.php(122): file_put_contents('/customers/3/e/...', 'a:3:{s:6:\"_toke...', 2)
#2 /customers/3/e/d/hestochpony.com/httpd.www/hestochpony/src/vendor/laravel/framework/src/Illuminate/Session/FileSessionHandler.php(83): Illuminate\\Filesystem\\Filesystem->put('/customers/3/e/...', 'a:3:{s:6:\"_toke...', true)
#3 /customers/3/e/d/hestochpony.com/httpd.www/hestochpony/src/vendor/laravel/framework/src/Illuminate/Session/Store.php(129): Illuminate\\Session\\FileSessionHandler->write('hEJZrbGyHZ4xe2T...', 'a:3:{s:6:\"_toke...')
#4 /customers/3/e/d/hestochpony.com/httpd.www/hestochpony/src/vendor/laravel/framework/src/Illuminate/Session/Middleware/StartSession.php(87): Illuminate\\Session\\Store->save()
#5 /customers/3/e/d/hestochpony.com/httpd.www/hestochpony/src/vendor/laravel/framework/src/Illuminate/Foundation/Http/Kernel.php(218): Illuminate\\Session\\Middleware\\StartSession->terminate(Object(Illuminate\\Http\\Request), Object(Illuminate\\Http\\Response))
#6 /customers/3/e/d/hestochpony.com/httpd.www/hestochpony/src/vendor/laravel/framework/src/Illuminate/Foundation/Http/Kernel.php(189): Illuminate\\Foundation\\Http\\Kernel->terminateMiddleware(Object(Illuminate\\Http\\Request), Object(Illuminate\\Http\\Response))
#7 /customers/3/e/d/hestochpony.com/httpd.www/hestochpony/src/public/index.php(60): Illuminate\\Foundation\\Http\\Kernel->terminate(Object(Illuminate\\Http\\Request), Object(Illuminate\\Http\\Response))
#8 {main}
"} 
[2018-07-26 18:34:41] local.ERROR: Command "make:repository" is not defined.

Did you mean one of these?
    make:auth
    make:channel
    make:command
    make:controller
    make:event
    make:exception
    make:factory
    make:job
    make:listener
    make:mail
    make:middleware
    make:migration
    make:model
    make:notification
    make:observer
    make:policy
    make:provider
    make:request
    make:resource
    make:rule
    make:seeder
    make:test {"exception":"[object] (Symfony\\Component\\Console\\Exception\\CommandNotFoundException(code: 0): Command \"make:repository\" is not defined.

Did you mean one of these?
    make:auth
    make:channel
    make:command
    make:controller
    make:event
    make:exception
    make:factory
    make:job
    make:listener
    make:mail
    make:middleware
    make:migration
    make:model
    make:notification
    make:observer
    make:policy
    make:provider
    make:request
    make:resource
    make:rule
    make:seeder
    make:test at /Users/kevlov/Documents/hax/hestochpony/src/vendor/symfony/console/Application.php:632)
[stacktrace]
#0 /Users/kevlov/Documents/hax/hestochpony/src/vendor/symfony/console/Application.php(226): Symfony\\Component\\Console\\Application->find('make:repository')
#1 /Users/kevlov/Documents/hax/hestochpony/src/vendor/symfony/console/Application.php(145): Symfony\\Component\\Console\\Application->doRun(Object(Symfony\\Component\\Console\\Input\\ArgvInput), Object(Symfony\\Component\\Console\\Output\\ConsoleOutput))
#2 /Users/kevlov/Documents/hax/hestochpony/src/vendor/laravel/framework/src/Illuminate/Console/Application.php(89): Symfony\\Component\\Console\\Application->run(Object(Symfony\\Component\\Console\\Input\\ArgvInput), Object(Symfony\\Component\\Console\\Output\\ConsoleOutput))
#3 /Users/kevlov/Documents/hax/hestochpony/src/vendor/laravel/framework/src/Illuminate/Foundation/Console/Kernel.php(122): Illuminate\\Console\\Application->run(Object(Symfony\\Component\\Console\\Input\\ArgvInput), Object(Symfony\\Component\\Console\\Output\\ConsoleOutput))
#4 /Users/kevlov/Documents/hax/hestochpony/src/artisan(37): Illuminate\\Foundation\\Console\\Kernel->handle(Object(Symfony\\Component\\Console\\Input\\ArgvInput), Object(Symfony\\Component\\Console\\Output\\ConsoleOutput))
#5 {main}
"} 
